
> build
> vite build

8:09:27 AM [vite-plugin-svelte] no Svelte config found at /home/firdausriawan2/Projects/Personal/LMS - using default configuration.
vite v8.0.9 building client environment for production...
[plugin @laravel/vite-plugin-wayfinder] Types generated for actions, routes, form variants
[2Ktransforming...✓ 4676 modules transformed.
rendering chunks...
✗ Build failed in 8.28s
error during build:
Build failed with 1 error:

[31m[MISSING_EXPORT] Error:[0m "SelectValue" is not exported by "resources/js/components/ui/select/index.ts".
    [38;5;246m╭[0m[38;5;246m─[0m[38;5;246m[[0m resources/js/pages/Instructor/CourseForm.svelte:18:2 [38;5;246m][0m
    [38;5;246m│[0m
 [38;5;246m18 │[0m [38;5;249m [0m[38;5;249m [0m[38;5;249m [0m[38;5;249m [0mSelectValue
 [38;5;240m   │[0m     ─────┬─────  
 [38;5;240m   │[0m          ╰─────── Missing export
[38;5;246m────╯[0m

    at aggregateBindingErrorsIntoJsError (file:///home/firdausriawan2/Projects/Personal/LMS/node_modules/rolldown/dist/shared/error-DAA7ncC5.mjs:48:18)
    at unwrapBindingResult (file:///home/firdausriawan2/Projects/Personal/LMS/node_modules/rolldown/dist/shared/error-DAA7ncC5.mjs:18:128)
    at #build (file:///home/firdausriawan2/Projects/Personal/LMS/node_modules/rolldown/dist/shared/rolldown-build-BPKCFYpX.mjs:3317:34)
    at async buildEnvironment (file:///home/firdausriawan2/Projects/Personal/LMS/node_modules/vite/dist/node/chunks/node.js:32999:64)
    at async Object.build (file:///home/firdausriawan2/Projects/Personal/LMS/node_modules/vite/dist/node/chunks/node.js:33421:19)
    at async Object.buildApp (file:///home/firdausriawan2/Projects/Personal/LMS/node_modules/vite/dist/node/chunks/node.js:33418:153)
    at async CAC.<anonymous> (file:///home/firdausriawan2/Projects/Personal/LMS/node_modules/vite/dist/node/cli.js:778:3) {
  errors: [Getter/Setter]
}
